<?xml version="1.0"?>
<testsuite name="PhantomJS 2.1.1 (Windows 8 0.0.0)" package="" timestamp="2017-01-07T19:24:50" id="0" hostname="vn-dev01" tests="1" errors="0" failures="0" time="0.005">
  <properties>
    <property name="browser.fullName" value="Mozilla/5.0 (Windows NT 6.2; WOW64) AppleWebKit/538.1 (KHTML, like Gecko) PhantomJS/2.1.1 Safari/538.1"/>
  </properties>
  <testcase name=" should get at least 6 Avengers" time="0.005" classname="PhantomJS_2_1_1_(Windows_8_0_0_0).undefined"/>
  <system-out>
    <![CDATA[
]]>
  </system-out>
  <system-err/>
</testsuite>